This is LuaTeX, Version 1.10.0 (TeX Live 2019/Debian)  (format=lualatex 2021.11.17)  14 APR 2022 10:55
 system commands enabled.
**DeReceptionemProselyta.tex
(./DeReceptionemProselyta.tex
LaTeX2e <2020-02-02> patch level 2
Lua module: luaotfload-main 2020-02-02 3.12 luaotfload entry point
Lua module: luaotfload-init 2020-02-02 3.12 luaotfload submodule / initializatio
n
Lua module: lualibs 2020-02-02 2.70 ConTeXt Lua standard libraries.
Lua module: lualibs-extended 2020-02-02 2.70 ConTeXt Lua libraries -- extended c
ollection.
Lua module: luaotfload-log 2020-02-02 3.12 luaotfload submodule / logging
Lua module: luaotfload-parsers 2020-02-02 3.12 luaotfload submodule / filelist
Lua module: luaotfload-configuration 2020-02-02 3.12 luaotfload submodule / conf
ig file reader
luaotfload | conf : Root cache directory is /home/dan/.texlive2019/texmf-var/lua
tex-cache/generic-dev/names.
luaotfload | init : Loading fontloader “fontloader-2020-01-26.lua” from kpse
-resolved path “/usr/share/texlive/texmf-dist/tex/luatex/luaotfload/fontloader
-2020-01-26.lua”.
Lua-only attribute luaotfload@state = 2
Lua-only attribute luaotfload@noligature = 3
Lua-only attribute luaotfload@syllabe = 4
luaotfload | init : Context OpenType loader version “3.11”
Inserting `luaotfload.node_processor' at position 1 in `pre_linebreak_filter'.
Inserting `luaotfload.node_processor' at position 1 in `hpack_filter'.
Lua module: luaotfload-loaders 2020-02-02 3.12 luaotfload submodule / callback h
andling
Inserting `luaotfload.define_font' at position 1 in `define_font'.
Lua module: luaotfload-database 2020-02-02 3.12 luaotfload submodule / database
Lua module: luaotfload-unicode 2020-02-02 3.12 luaotfload submodule / Unicode he
lpers
Lua module: luaotfload-colors 2020-02-02 3.12 luaotfload submodule / color
Lua-only attribute luaotfload_color_attribute = 5
Lua module: luaotfload-resolvers 2020-02-02 3.12 luaotfload submodule / resolver
s
luaotfload | conf : Root cache directory is /home/dan/.texlive2019/texmf-var/lua
tex-cache/generic-dev/names.
Lua module: luaotfload-features 2020-02-02 3.12 luaotfload submodule / features
Lua module: luaotfload-letterspace 2020-02-02 3.12 luaotfload submodule / color
Lua module: luaotfload-embolden 2020-02-02 3.12 luaotfload submodule / color
Lua module: luaotfload-notdef 2020-02-02 3.12 luaotfload submodule / color
Lua module: luaotfload-auxiliary 2020-02-02 3.12 luaotfload submodule / auxiliar
y functions
Inserting `luaotfload.aux.set_sscale_dimens' at position 1 in `luaotfload.patch_
font'.
Inserting `luaotfload.aux.set_font_index' at position 2 in `luaotfload.patch_fon
t'.
Inserting `luaotfload.aux.patch_cambria_domh' at position 3 in `luaotfload.patch
_font'.
Inserting `luaotfload.aux.fixup_fontdata' at position 1 in `luaotfload.patch_fon
t_unsafe'.
Inserting `luaotfload.aux.set_capheight' at position 4 in `luaotfload.patch_font
'.
Inserting `luaotfload.aux.set_xheight' at position 5 in `luaotfload.patch_font'.
Lua module: luaotfload-fallback 2020-02-02 3.12 luaotfload submodule / fallback
Lua module: luaotfload-multiscript 2020-02-02 3.12 luaotfload submodule / multis
cript
Lua module: luaotfload-script 2020-02-02 3.12 luaotfload submodule / Script help
ers
Lua module: luaotfload-tounicode 2020-02-02 3.12 luaotfload submodule / tounicod
e
Inserting `luaotfload.rewrite_fontname' at position 6 in `luaotfload.patch_font'
. L3 programming layer <2020-02-14>
(/usr/share/texlive/texmf-dist/tex/latex/base/report.cls
Document Class: report 2019/12/20 v1.4l Standard LaTeX document class
(/usr/share/texlive/texmf-dist/tex/latex/base/size11.clo
File: size11.clo 2019/12/20 v1.4l Standard LaTeX file (size option)
luaotfload | db : Font names database loaded from /home/dan/.texlive2019/texmf-v
ar/luatex-cache/generic-dev/names/luaotfload-names.luc)
\c@part=\count163
\c@chapter=\count164
\c@section=\count165
\c@subsection=\count166
\c@subsubsection=\count167
\c@paragraph=\count168
\c@subparagraph=\count169
\c@figure=\count170
\c@table=\count171
\abovecaptionskip=\skip47
\belowcaptionskip=\skip48
\bibindent=\dimen134
)
(/usr/share/texlive/texmf-dist/tex/latex/fontspec/fontspec.sty
(/usr/share/texlive/texmf-dist/tex/latex/l3packages/xparse/xparse.sty
(/usr/share/texlive/texmf-dist/tex/latex/l3kernel/expl3.sty
Package: expl3 2020-02-14 L3 programming layer (loader) 

(/usr/share/texlive/texmf-dist/tex/latex/l3backend/l3backend-pdfmode.def
File: l3backend-pdfmode.def 2020-02-03 L3 backend support: PDF mode
\l__kernel_color_stack_int=\count172
\l__pdf_internal_box=\box45
))
Package: xparse 2020-02-14 L3 Experimental document command parser
\l__xparse_current_arg_int=\count173
\g__xparse_grabber_int=\count174
\l__xparse_m_args_int=\count175
\l__xparse_v_nesting_int=\count176
)
Package: fontspec 2020/02/03 v2.7h Font selection for XeLaTeX and LuaLaTeX
Lua module: fontspec 2020/02/03 2.7h Font selection for XeLaTeX and LuaLaTeX
(/usr/share/texlive/texmf-dist/tex/latex/fontspec/fontspec-luatex.sty
Package: fontspec-luatex 2020/02/03 v2.7h Font selection for XeLaTeX and LuaLaTe
X
\l__fontspec_script_int=\count177
\l__fontspec_language_int=\count178
\l__fontspec_strnum_int=\count179
\l__fontspec_tmp_int=\count180
\l__fontspec_tmpa_int=\count181
\l__fontspec_tmpb_int=\count182
\l__fontspec_tmpc_int=\count183
\l__fontspec_em_int=\count184
\l__fontspec_emdef_int=\count185
\l__fontspec_strong_int=\count186
\l__fontspec_strongdef_int=\count187
\l__fontspec_tmpa_dim=\dimen135
\l__fontspec_tmpb_dim=\dimen136
\l__fontspec_tmpc_dim=\dimen137

(/usr/share/texlive/texmf-dist/tex/latex/base/fontenc.sty
Package: fontenc 2020/02/11 v2.0o Standard LaTeX package
)
(/usr/share/texlive/texmf-dist/tex/latex/fontspec/fontspec.cfg)))
(/usr/share/texlive/texmf-dist/tex/latex/base/inputenc.sty
Package: inputenc 2018/08/11 v1.3c Input encoding file
\inpenc@prehook=\toks14
\inpenc@posthook=\toks15


Package inputenc Warning: inputenc package ignored with utf8 based engines.

) (/usr/share/texlive/texmf-dist/tex/latex/mathdesign/mathdesign.sty
Package: mathdesign 2013/08/29 v2.31 Math Design Project

(/usr/share/texlive/texmf-dist/tex/latex/graphics/keyval.sty
Package: keyval 2014/10/28 v1.15 key=value parser (DPC)
\KV@toks@=\toks16
)
(/usr/share/texlive/texmf-dist/tex/latex/base/ifthen.sty
Package: ifthen 2014/09/29 v1.1c Standard LaTeX ifthen package (DPC)
)
(/usr/share/texlive/texmf-dist/tex/latex/mathdesign/mdbch/mdbch.cfg)
(/usr/share/texlive/texmf-dist/tex/latex/mathdesign/mdbch/mdbch.sty
Package: mdbch 2013/08/29 v2.31 bitstream bitstream charter + mdbch (Math Design
 Project)

(/usr/share/texlive/texmf-dist/tex/latex/mathdesign/mdfont.def
File: mdfont.def 2013/08/29 v2.31 (Math Design Project)
)
(/usr/share/texlive/texmf-dist/tex/latex/mathdesign/mdsffont.def
File: mdsffont.def 2013/08/29 v2.31 (Math Design Project)
)
(/usr/share/texlive/texmf-dist/tex/latex/mathdesign/mdttfont.def
File: mdttfont.def 2013/08/29 v2.31 (Math Design Project)
)
\symmdcal=\mathgroup4
LaTeX Font Info:    Overwriting symbol font `mdcal' in version `bold'
(Font)                  OMS/mdbch/m/n --> OMS/mdbch/b/n on input line 97.
\symmdscr=\mathgroup5
LaTeX Font Info:    Overwriting symbol font `mdscr' in version `bold'
(Font)                  OMS/mdbch/m/n --> OMS/mdbch/b/n on input line 103.
LaTeX Font Info:    Overwriting math alphabet `\mathfrak' in version `bold'
(Font)                  U/xmdeuf/m/n --> U/xmdeuf/b/n on input line 110.
LaTeX Font Info:    Overwriting symbol font `operators' in version `normal'
(Font)                  OT1/cmr/m/n --> OT1/mdbch/m/n on input line 121.
LaTeX Font Info:    Overwriting symbol font `letters' in version `normal'
(Font)                  OML/cmm/m/it --> OML/mdbch/m/it on input line 122.
LaTeX Font Info:    Overwriting symbol font `symbols' in version `normal'
(Font)                  OMS/cmsy/m/n --> OMS/mdbch/m/n on input line 123.
LaTeX Font Info:    Overwriting symbol font `largesymbols' in version `normal'
(Font)                  OMX/cmex/m/n --> OMX/mdbch/m/n on input line 124.
LaTeX Font Info:    Overwriting symbol font `operators' in version `bold'
(Font)                  OT1/cmr/bx/n --> OT1/mdbch/b/n on input line 126.
LaTeX Font Info:    Overwriting symbol font `letters' in version `bold'
(Font)                  OML/cmm/b/it --> OML/mdbch/b/it on input line 127.
LaTeX Font Info:    Overwriting symbol font `symbols' in version `bold'
(Font)                  OMS/cmsy/b/n --> OMS/mdbch/b/n on input line 128.
LaTeX Font Info:    Overwriting symbol font `largesymbols' in version `bold'
(Font)                  OMX/cmex/m/n --> OMX/mdbch/b/n on input line 129.
LaTeX Font Info:    Overwriting math alphabet `\mathrm' in version `normal'
(Font)                  OT1/mdbch/m/n --> TU/mdbch/m/n on input line 131.
LaTeX Font Info:    Overwriting math alphabet `\mathbf' in version `normal'
(Font)                  OT1/cmr/bx/n --> TU/mdbch/b/n on input line 132.
LaTeX Font Info:    Overwriting math alphabet `\mathit' in version `normal'
(Font)                  OT1/cmr/m/it --> TU/mdbch/m/it on input line 133.
LaTeX Font Info:    Overwriting math alphabet `\mathsf' in version `normal'
(Font)                  OT1/cmss/m/n --> TU/lmss/m/n on input line 134.
LaTeX Font Info:    Overwriting math alphabet `\mathtt' in version `normal'
(Font)                  OT1/cmtt/m/n --> TU/lmtt/m/n on input line 135.
LaTeX Font Info:    Overwriting math alphabet `\mathrm' in version `bold'
(Font)                  OT1/mdbch/b/n --> TU/mdbch/b/n on input line 137.
LaTeX Font Info:    Overwriting math alphabet `\mathbf' in version `bold'
(Font)                  OT1/cmr/bx/n --> TU/mdbch/b/n on input line 138.
LaTeX Font Info:    Overwriting math alphabet `\mathit' in version `bold'
(Font)                  OT1/cmr/bx/it --> TU/mdbch/b/it on input line 139.
LaTeX Font Info:    Overwriting math alphabet `\mathsf' in version `bold'
(Font)                  OT1/cmss/bx/n --> TU/lmss/b/n on input line 140.
LaTeX Font Info:    Overwriting math alphabet `\mathtt' in version `bold'
(Font)                  OT1/cmtt/m/n --> TU/lmtt/b/n on input line 141.
\symlettersupright=\mathgroup6
LaTeX Font Info:    Overwriting symbol font `lettersupright' in version `bold'
(Font)                  OML/mdbch/m/n --> OML/mdbch/b/n on input line 144.
LaTeX Font Info:    Redeclaring math alphabet \mathrm on input line 145.
LaTeX Font Info:    Overwriting math alphabet `\mathcal' in version `normal'
(Font)                  OMS/mdbch/m/n --> OMS/mdbch/m/n on input line 167.

(/usr/share/texlive/texmf-dist/tex/latex/xkeyval/xkeyval.sty
Package: xkeyval 2014/12/03 v2.7a package option processing (HA)

(/usr/share/texlive/texmf-dist/tex/generic/xkeyval/xkeyval.tex
(/usr/share/texlive/texmf-dist/tex/generic/xkeyval/xkvutils.tex
\XKV@toks=\toks17
\XKV@tempa@toks=\toks18
)
\XKV@depth=\count188
File: xkeyval.tex 2014/12/03 v2.7a key=value parser (HA)
))
LaTeX Font Info:    Trying to load font information for TU+mdbch on input line 1
86.
LaTeX Font Info:    No file TUmdbch.fd. on input line 186.


LaTeX Font Warning: Font shape `TU/mdbch/m/n' undefined
(Font)              using `TU/lmr/m/n' instead on input line 186.

LaTeX Font Info:    Redeclaring math accent \widetilde on input line 449.
LaTeX Font Info:    Redeclaring math accent \widehat on input line 450.
\symmathdesignA=\mathgroup7
LaTeX Font Info:    Overwriting symbol font `mathdesignA' in version `bold'
(Font)                  MDA/mdbch/m/n --> MDA/mdbch/b/n on input line 491.
\symmathdesignB=\mathgroup8
LaTeX Font Info:    Overwriting symbol font `mathdesignB' in version `bold'
(Font)                  MDB/mdbch/m/n --> MDB/mdbch/b/n on input line 498.
\@emptytoks=\toks19
LaTeX Font Info:    Redeclaring math accent \widetilde on input line 532.
LaTeX Font Info:    Redeclaring math accent \widehat on input line 533.
\rulethickness=\skip49
) (/usr/share/texlive/texmf-dist/tex/latex/base/fontenc.sty
Package: fontenc 2020/02/11 v2.0o Standard LaTeX package
LaTeX Font Info:    Trying to load font information for T1+mdbch on input line 1
12.

(/usr/share/texlive/texmf-dist/tex/latex/mathdesign/mdbch/t1mdbch.fd
File: t1mdbch.fd 2013/08/29 Fontinst v1.933 font definitions for T1/mdbch.
)
LaTeX Font Info:    Font shape `T1/mdbch/m/n' will be
(Font)              scaled to size 10.51207pt on input line 112.
))
(/usr/share/texlive/texmf-dist/tex/latex/bbding/bbding.sty
Package: bbding 1999/04/15 v1.01 Dingbats symbols
)
(/usr/share/texlive/texmf-dist/tex/latex/ragged2e/ragged2e.sty
Package: ragged2e 2019/07/28 v2.2 ragged2e Package (MS)

(/usr/share/texlive/texmf-dist/tex/latex/ms/everysel.sty
Package: everysel 2011/10/28 v1.2 EverySelectfont Package (MS)
)
\CenteringLeftskip=\skip50
\RaggedLeftLeftskip=\skip51
\RaggedRightLeftskip=\skip52
\CenteringRightskip=\skip53
\RaggedLeftRightskip=\skip54
\RaggedRightRightskip=\skip55
\CenteringParfillskip=\skip56
\RaggedLeftParfillskip=\skip57
\RaggedRightParfillskip=\skip58
\JustifyingParfillskip=\skip59
\CenteringParindent=\skip60
\RaggedLeftParindent=\skip61
\RaggedRightParindent=\skip62
\JustifyingParindent=\skip63
)
(/usr/share/texlive/texmf-dist/tex/latex/parskip/parskip.sty
Package: parskip 2020-01-22 v2.0d non-zero parskip adjustments

(/usr/share/texlive/texmf-dist/tex/latex/kvoptions/kvoptions.sty
Package: kvoptions 2019/11/29 v3.13 Key value format for package options (HO)

(/usr/share/texlive/texmf-dist/tex/generic/ltxcmds/ltxcmds.sty
Package: ltxcmds 2019/12/15 v1.24 LaTeX kernel commands for general use (HO)
)
(/usr/share/texlive/texmf-dist/tex/generic/kvsetkeys/kvsetkeys.sty
Package: kvsetkeys 2019/12/15 v1.18 Key value parser (HO)
))
(/usr/share/texlive/texmf-dist/tex/latex/etoolbox/etoolbox.sty
Package: etoolbox 2019/09/21 v2.5h e-TeX tools for LaTeX (JAW)
\etb@tempcnta=\count189
))
(/usr/share/texlive/texmf-dist/tex/latex/enumitem/enumitem.sty
Package: enumitem 2019/06/20 v3.9 Customized lists
\labelindent=\skip64
\enit@outerparindent=\dimen138
\enit@toks=\toks20
\enit@inbox=\box46
\enit@count@id=\count190
\enitdp@description=\count191
)
(/usr/share/texlive/texmf-dist/tex/latex/titlesec/titlesec.sty
Package: titlesec 2019/10/16 v2.13 Sectioning titles
\ttl@box=\box47
\beforetitleunit=\skip65
\aftertitleunit=\skip66
\ttl@plus=\dimen139
\ttl@minus=\dimen140
\ttl@toksa=\toks21
\titlewidth=\dimen141
\titlewidthlast=\dimen142
\titlewidthfirst=\dimen143
)
(/usr/share/texlive/texmf-dist/tex/latex/paracol/paracol.sty
Package: paracol 2018/12/31 v1.35 
\pcol@currcol=\count192
\pcol@nextcol=\count193
\pcol@ncol=\count194
\pcol@ncolleft=\count195
\pcol@page=\count196
\pcol@basepage=\count197
\pcol@toppage=\count198
\pcol@footnotebase=\count199
\pcol@nfootnotes=\count266
\pcol@mcid=\count267
\pcol@prevdepth=\dimen144
\pcol@colht=\dimen145
\pcol@textfloatsep=\dimen146
\pcol@lrmargin=\dimen147
\pagerim=\dimen148
\pcol@topskip=\skip67
\belowfootnoteskip=\skip68
\pcol@topfnotes=\box48
\pcol@prespan=\box49
\pcol@rightpage=\box50
\pcol@colorstack@saved=\box51
\pcol@tempboxa=\box52
\pcol@tempboxb=\box53
\pcol@colorins=\insert252
\pcol@everyvbox=\toks22
)
(/usr/share/texlive/texmf-dist/tex/latex/mdframed/mdframed.sty
Package: mdframed 2013/07/01 1.9b: mdframed

(/usr/share/texlive/texmf-dist/tex/latex/zref/zref-abspage.sty
Package: zref-abspage 2019/11/29 v2.28 Module abspage for zref (HO)

(/usr/share/texlive/texmf-dist/tex/latex/zref/zref-base.sty
Package: zref-base 2019/11/29 v2.28 Module base for zref (HO)

(/usr/share/texlive/texmf-dist/tex/generic/infwarerr/infwarerr.sty
Package: infwarerr 2019/12/03 v1.5 Providing info/warning/error messages (HO)
)
(/usr/share/texlive/texmf-dist/tex/generic/kvdefinekeys/kvdefinekeys.sty
Package: kvdefinekeys 2019-12-19 v1.6 Define keys (HO)
)
(/usr/share/texlive/texmf-dist/tex/latex/pdftexcmds/pdftexcmds.sty
Package: pdftexcmds 2019/11/24 v0.31 Utility functions of pdfTeX for LuaTeX (HO)


(/usr/share/texlive/texmf-dist/tex/generic/iftex/iftex.sty
Package: iftex 2019/11/07 v1.0c TeX engine tests
)
Package pdftexcmds Info: \pdf@primitive is available.
Package pdftexcmds Info: \pdf@ifprimitive is available.
Package pdftexcmds Info: \pdfdraftmode found.
\pdftexcmds@toks=\toks23
)
(/usr/share/texlive/texmf-dist/tex/generic/etexcmds/etexcmds.sty
Package: etexcmds 2019/12/15 v1.7 Avoid name clashes with e-TeX commands (HO)
)
(/usr/share/texlive/texmf-dist/tex/latex/auxhook/auxhook.sty
Package: auxhook 2019-12-17 v1.6 Hooks for auxiliary files (HO)
)
Package zref Info: New property list: main on input line 763.
Package zref Info: New property: default on input line 764.
Package zref Info: New property: page on input line 765.
)
(/usr/share/texlive/texmf-dist/tex/generic/atbegshi/atbegshi.sty
Package: atbegshi 2019/12/05 v1.19 At begin shipout hook (HO)
)
\c@abspage=\count268
Package zref Info: New property: abspage on input line 66.
)
(/usr/share/texlive/texmf-dist/tex/latex/needspace/needspace.sty
Package: needspace 2010/09/12 v1.3d reserve vertical space
)
(/usr/share/texlive/texmf-dist/tex/latex/graphics/color.sty
Package: color 2019/11/23 v1.2a Standard LaTeX Color (DPC)

(/usr/share/texlive/texmf-dist/tex/latex/graphics-cfg/color.cfg
File: color.cfg 2016/01/02 v1.6 sample color configuration
)
Package color Info: Driver file: luatex.def on input line 147.

(/usr/share/texlive/texmf-dist/tex/latex/graphics-def/luatex.def
File: luatex.def 2018/01/08 v1.0l Graphics/color driver for luatex
))
\mdf@templength=\skip69
\c@mdf@globalstyle@cnt=\count269
\mdf@skipabove@length=\skip70
\mdf@skipbelow@length=\skip71
\mdf@leftmargin@length=\skip72
\mdf@rightmargin@length=\skip73
\mdf@innerleftmargin@length=\skip74
\mdf@innerrightmargin@length=\skip75
\mdf@innertopmargin@length=\skip76
\mdf@innerbottommargin@length=\skip77
\mdf@splittopskip@length=\skip78
\mdf@splitbottomskip@length=\skip79
\mdf@outermargin@length=\skip80
\mdf@innermargin@length=\skip81
\mdf@linewidth@length=\skip82
\mdf@innerlinewidth@length=\skip83
\mdf@middlelinewidth@length=\skip84
\mdf@outerlinewidth@length=\skip85
\mdf@roundcorner@length=\skip86
\mdf@footenotedistance@length=\skip87
\mdf@userdefinedwidth@length=\skip88
\mdf@needspace@length=\skip89
\mdf@frametitleaboveskip@length=\skip90
\mdf@frametitlebelowskip@length=\skip91
\mdf@frametitlerulewidth@length=\skip92
\mdf@frametitleleftmargin@length=\skip93
\mdf@frametitlerightmargin@length=\skip94
\mdf@shadowsize@length=\skip95
\mdf@extratopheight@length=\skip96
\mdf@subtitleabovelinewidth@length=\skip97
\mdf@subtitlebelowlinewidth@length=\skip98
\mdf@subtitleaboveskip@length=\skip99
\mdf@subtitlebelowskip@length=\skip100
\mdf@subtitleinneraboveskip@length=\skip101
\mdf@subtitleinnerbelowskip@length=\skip102
\mdf@subsubtitleabovelinewidth@length=\skip103
\mdf@subsubtitlebelowlinewidth@length=\skip104
\mdf@subsubtitleaboveskip@length=\skip105
\mdf@subsubtitlebelowskip@length=\skip106
\mdf@subsubtitleinneraboveskip@length=\skip107
\mdf@subsubtitleinnerbelowskip@length=\skip108

(/usr/share/texlive/texmf-dist/tex/latex/mdframed/md-frame-0.mdf
File: md-frame-0.mdf 2013/07/01\ 1.9b: md-frame-0
)
\mdf@frametitlebox=\box54
\mdf@footnotebox=\box55
\mdf@splitbox@one=\box56
\mdf@splitbox@two=\box57
\mdf@splitbox@save=\box58
\mdfsplitboxwidth=\skip109
\mdfsplitboxtotalwidth=\skip110
\mdfsplitboxheight=\skip111
\mdfsplitboxdepth=\skip112
\mdfsplitboxtotalheight=\skip113
\mdfframetitleboxwidth=\skip114
\mdfframetitleboxtotalwidth=\skip115
\mdfframetitleboxheight=\skip116
\mdfframetitleboxdepth=\skip117
\mdfframetitleboxtotalheight=\skip118
\mdffootnoteboxwidth=\skip119
\mdffootnoteboxtotalwidth=\skip120
\mdffootnoteboxheight=\skip121
\mdffootnoteboxdepth=\skip122
\mdffootnoteboxtotalheight=\skip123
\mdftotallinewidth=\skip124
\mdfboundingboxwidth=\skip125
\mdfboundingboxtotalwidth=\skip126
\mdfboundingboxheight=\skip127
\mdfboundingboxdepth=\skip128
\mdfboundingboxtotalheight=\skip129
\mdf@freevspace@length=\skip130
\mdf@horizontalwidthofbox@length=\skip131
\mdf@verticalmarginwhole@length=\skip132
\mdf@horizontalspaceofbox=\skip133
\mdfsubtitleheight=\skip134
\mdfsubsubtitleheight=\skip135
\c@mdfcountframes=\count270

****** mdframed patching \endmdf@trivlist

****** -- success******

\mdf@envdepth=\count271
\c@mdf@env@i=\count272
\c@mdf@env@ii=\count273
\c@mdf@zref@counter=\count274
Package zref Info: New property: mdf@pagevalue on input line 895.
)
(/usr/share/texlive/texmf-dist/tex/latex/geometry/geometry.sty
Package: geometry 2020/01/02 v5.9 Page Geometry

(/usr/share/texlive/texmf-dist/tex/generic/iftex/ifvtex.sty
Package: ifvtex 2019/10/25 v1.7 ifvtex legacy package. Use iftex instead.
)
\Gm@cnth=\count275
\Gm@cntv=\count276
\c@Gm@tempcnt=\count277
\Gm@bindingoffset=\dimen149
\Gm@wd@mp=\dimen150
\Gm@odd@mp=\dimen151
\Gm@even@mp=\dimen152
\Gm@layoutwidth=\dimen153
\Gm@layoutheight=\dimen154
\Gm@layouthoffset=\dimen155
\Gm@layoutvoffset=\dimen156
\Gm@dimlist=\toks24
)
(/usr/local/share/texmf/tex/lualatex/gregoriotex/gregoriotex.sty
Package: gregoriotex 2021/03/13 v6.0.0 GregorioTeX system.

(/usr/share/texlive/texmf-dist/tex/latex/xcolor/xcolor.sty
Package: xcolor 2016/05/11 v2.12 LaTeX color extensions (UK)

(/usr/share/texlive/texmf-dist/tex/latex/graphics-cfg/color.cfg
File: color.cfg 2016/01/02 v1.6 sample color configuration
)
Package xcolor Info: Driver file: luatex.def on input line 225.
LaTeX Info: Redefining \color on input line 709.
Package xcolor Info: Model `cmy' substituted by `cmy0' on input line 1348.
Package xcolor Info: Model `hsb' substituted by `rgb' on input line 1352.
Package xcolor Info: Model `RGB' extended on input line 1364.
Package xcolor Info: Model `HTML' substituted by `rgb' on input line 1366.
Package xcolor Info: Model `Hsb' substituted by `hsb' on input line 1367.
Package xcolor Info: Model `tHsb' substituted by `hsb' on input line 1368.
Package xcolor Info: Model `HSB' substituted by `hsb' on input line 1369.
Package xcolor Info: Model `Gray' substituted by `gray' on input line 1370.
Package xcolor Info: Model `wave' substituted by `hsb' on input line 1371.
)
(/usr/share/texlive/texmf-dist/tex/latex/luacolor/luacolor.sty
Package: luacolor 2019/11/29 v1.13 Color support via LuaTeX's attributes (HO)
\LuaCol@Attribute=\attribute6
)
(/usr/share/texlive/texmf-dist/tex/latex/graphics/graphicx.sty
Package: graphicx 2019/11/30 v1.2a Enhanced LaTeX Graphics (DPC,SPQR)

(/usr/share/texlive/texmf-dist/tex/latex/graphics/graphics.sty
Package: graphics 2019/11/30 v1.4a Standard LaTeX Graphics (DPC,SPQR)

(/usr/share/texlive/texmf-dist/tex/latex/graphics/trig.sty
Package: trig 2016/01/03 v1.10 sin cos tan (DPC)
)
(/usr/share/texlive/texmf-dist/tex/latex/graphics-cfg/graphics.cfg
File: graphics.cfg 2016/06/04 v1.11 sample graphics configuration
)
Package graphics Info: Driver file: luatex.def on input line 105.
)
\Gin@req@height=\dimen157
\Gin@req@width=\dimen158
)
(/usr/share/texlive/texmf-dist/tex/luatex/luatexbase/luatexbase.sty
Package: luatexbase 2015/10/04 v1.3 luatexbase interface to LuaTeX 

(/usr/share/texlive/texmf-dist/tex/luatex/ctablestack/ctablestack.sty
Package: ctablestack 2015/10/01 v1.0 Catcode table stable support
\@catcodetablestackcnt=\count278
)
\CatcodeTableOther=\catcodetable5
\CatcodeTableExpl=\catcodetable6
)
(/usr/share/texlive/texmf-dist/tex/luatex/luamplib/luamplib.sty
Package: luamplib 2019/12/11 v2.20.4 mplib package for LuaTeX
Lua module: luamplib 2019/12/11 2.20.4 Lua package to typeset Metapost with LuaT
eX's MPLib.
\mplibtmptoks=\toks25
\everymplibtoks=\toks26
\everyendmplibtoks=\toks27
\mplibscratchbox=\box59
)
(/usr/share/texlive/texmf-dist/tex/generic/xstring/xstring.sty
(/usr/share/texlive/texmf-dist/tex/generic/xstring/xstring.tex
\integerpart=\count279
\decimalpart=\count280
)
Package: xstring 2019/02/06 v1.83 String manipulations (CT)
)
(/usr/local/share/texmf/tex/luatex/gregoriotex/gregoriotex-main.tex
(/usr/local/share/texmf/tex/luatex/gregoriotex/gregoriotex-common.tex)
\gre@attr@dash=\attribute7
\gre@attr@center=\attribute8
\GreScoreId=\attribute9
\gre@attr@glyph@id=\attribute10
\gre@attr@glyph@top=\attribute11
\gre@attr@glyph@bottom=\attribute12
\gre@attr@syllable@id=\attribute13
\gre@atletter=\catcodetable7
Lua module: gregoriotex 2021/03/13 6.0.0 GregorioTeX module.
Custom whatsit marker = 1
Module gregoriotex Info: marker whatsit id is 1 on input line 121

(DeReceptionemProselyta.gaux)
Module gregoriotex Info: Reading DeReceptionemProselyta.gaux on input line 125
Inserting `gregoriotex.write_greaux' at position 1 in `finish_pdffile'.
\gre@gaux=\write3
\gre@read@temp=\read2
\gre@factor=\count281

(/usr/local/share/texmf/tex/luatex/gregoriotex/gregoriotex-spaces.tex
\gre@saved@prescore@hyphenpenalty=\count282
\gre@saved@prescore@exhyphenpenalty=\count283
\gre@saved@prescore@exhyphenchar=\count284
\gre@saved@prescore@doublehyphendemerits=\count285
\gre@saved@prescore@finalhyphendemerits=\count286
\gre@saved@prescore@brokenpenalty=\count287
\gre@saved@prescore@looseness=\count288
\gre@saved@prescore@tolerance=\count289
\gre@saved@prescore@pretolerance=\count290
\gre@saved@prescore@emergencystretch=\skip136
\gre@saved@prescore@widowpenalty=\count291
\gre@saved@prescore@clubpenalty=\count292
\gre@saved@prescore@parskip=\skip137
\gre@saved@prescore@lineskip=\skip138
\gre@saved@prescore@baselineskip=\skip139
\gre@saved@prescore@lineskiplimit=\skip140
\gre@dimen@textlower=\dimen159
\gre@dimen@stafflinewidth=\dimen160
\gre@dimen@linewidth=\dimen161
\gre@dimen@stafflineheight=\dimen162
\gre@dimen@interstafflinespace=\dimen163
\gre@dimen@stafflinediff=\dimen164
\gre@dimen@constantglyphraise=\dimen165
\gre@dimen@staffheight=\dimen166
\gre@skip@syllablefinalskip=\skip141
\gre@skip@minTextDistance=\skip142
\gre@skip@minNotesDistance=\skip143
\gre@dimen@curTextDistance=\dimen167
\gre@dimen@curNotesDistance=\dimen168
\gre@skip@minShiftText=\skip144
\gre@skip@minShiftNotes=\skip145
\gre@dimen@bolshift=\dimen169
\gre@dimen@bolextra=\dimen170
\gre@dimen@clefwidth@current=\dimen171
\gre@dimen@clefwidth@largest=\dimen172
\gre@dimen@clefwidth@bol=\dimen173
\gre@dimen@eolshift=\dimen174
\gre@dimen@glyphraisevalue=\dimen175
\gre@dimen@additionalbottomspace=\dimen176
\gre@dimen@additionaltopspace=\dimen177
\gre@dimen@additionaltopspacealt=\dimen178
\gre@dimen@additionaltopspacenabc=\dimen179
\gre@space@count@additionaltopspacethreshold=\count293
\gre@space@count@additionaltopspacealtthreshold=\count294
\gre@space@count@additionaltopspacenabcthreshold=\count295
\gre@space@count@noteadditionalspacelinestextthreshold=\count296
\gre@saved@prediscretionary@dimen@additionalbottomspace=\dimen180
\gre@saved@prediscretionary@dimen@additionaltopspace=\dimen181
\gre@saved@prediscretionary@dimen@additionaltopspacealt=\dimen182
\gre@saved@prediscretionary@dimen@additionaltopspacenabc=\dimen183
\gre@saved@prediscretionary@dimen@currenttranslationheight=\dimen184
\gre@saved@prediscretionary@dimen@textlower=\dimen185
\gre@saved@prediscretionary@dimen@currentabovelinestextheight=\dimen186
\gre@saved@prediscretionary@dimen@constantglyphraise=\dimen187
\gre@dimen@textaligncenter=\dimen188
\gre@dimen@enddifference=\dimen189
\gre@dimen@previousenddifference=\dimen190
\gre@dimen@currenttranslationheight=\dimen191
\gre@skip@nextbegindifference=\skip146
\gre@dimen@annotationtrueraise=\dimen192
\gre@dimen@commentarytrueraise=\dimen193
\gre@skip@bar@requirement=\skip147
\gre@skip@bar@allocation=\skip148
\gre@dimen@bar@shift=\dimen194
\gre@skip@text@requirement=\skip149
\gre@skip@text@allocation=\skip150
\gre@dimen@text@shift=\dimen195
\gre@dimen@adjustedpreviousenddifference=\dimen196
\gre@skip@adjustednextbegindifference=\dimen197
\gre@skip@punctummorashift=\skip151
\gre@skip@alterationshift=\skip152
\gre@dimen@begindifference=\dimen198
\gre@dimen@lastglyphwidth=\dimen199
\gre@dimen@notesaligncenter=\dimen256
\gre@dimen@additionalleftspace=\dimen257
\gre@dimen@initialwidth=\dimen258
\gre@dimen@currentabovelinestextheight=\dimen259
\gre@dimen@temp@one=\dimen260
\gre@dimen@temp@two=\dimen261
\gre@dimen@temp@three=\dimen262
\gre@dimen@temp@four=\dimen263
\gre@dimen@temp@five=\dimen264
\gre@skip@temp@one=\skip153
\gre@skip@temp@two=\skip154
\gre@skip@temp@three=\skip155
\gre@skip@temp@four=\skip156
\gre@count@temp@one=\count297
\gre@count@temp@two=\count298
\gre@count@temp@three=\count299
\gre@space@count@newlinepenalty=\count300
\gre@space@count@nobreakpenalty=\count301
\gre@space@count@endofwordpenalty=\count302
\gre@space@count@endofsyllablepenalty=\count303
\gre@space@count@endafterbarpenalty=\count304
\gre@space@count@endafterbaraltpenalty=\count305
\gre@space@count@finalpenalty=\count306
\gre@space@count@endofelementpenalty=\count307
\gre@space@count@hyphenpenalty=\count308
\gre@space@count@brokenpenalty=\count309
\gre@space@count@looseness=\count310
\gre@space@count@tolerance=\count311
\gre@space@count@pretolerance=\count312
\gre@space@count@widowpenalty=\count313
\gre@space@count@clubpenalty=\count314
\greconffactor=\count315
)
\gre@box@temp@width=\box60
\gre@box@initial=\box61
\gre@biginitial=\count316
\gre@knownline=\count317
\gre@box@annotation=\box62
\gre@box@add=\box63
\gre@box@old=\box64
\gre@count@annotationvalign=\count318
\gre@box@commentary=\box65
\gre@box@lines=\box66
Module gregoriotex Info: Registering variant font greciliae as gre@font@variant@
A. on input line 987
Module gregoriotex Info: Registering variant font greciliae-hollow as gre@font@v
ariant@B. on input line 987
Module gregoriotex Info: Registering variant font greciliae-hole as gre@font@var
iant@C. on input line 987
luaotfload | cache : Lookup cache loaded from /home/dan/.texlive2019/texmf-var/l
uatex-cache/generic-dev/names/luaotfload-lookup-cache.luc.
Module gregoriotex Info: Mapping font greciliae on input line 992
Module gregoriotex Info: Mapping font greciliae-hollow on input line 992
Module gregoriotex Info: Mapping font greciliae-hole on input line 992

(/usr/local/share/texmf/tex/luatex/gregoriotex/gregoriotex-chars.tex
\gre@box@hep=\box67
)
(/usr/local/share/texmf/tex/luatex/gregoriotex/gregoriotex-signs.tex
\gre@box@temp@clef=\box68
\gre@box@temp@cleftwo=\box69
\greslurheight=\dimen265
\gre@box@temp@sign=\box70
\gre@count@shiftaftermora=\count319
\gre@dimen@morawidth=\dimen266
\gre@skip@bar@lastskip=\skip157
\gre@count@lastglyphiscavum=\count320
)
(/usr/local/share/texmf/tex/luatex/gregoriotex/gregoriotex-syllable.tex
\gre@generate@pointandclick=\count321
\gre@box@syllablenotes=\box71
\gre@box@syllabletext=\box72
\gre@clivisalignment=\count322
\gre@count@unbreakabletotalnotes=\count323
\gre@count@unbreakableinitialnotes=\count324
\gre@count@unbreakablefinalnotes=\count325
\gre@count@syllablenotes=\count326
)
\gre@variableheightexpansion=\count327
\gre@lastoflinecount=\count328
\gre@saved@prenlba@nobreakpenalty=\count329
\gre@saved@prenlba@endofwordpenalty=\count330
\gre@saved@prenlba@endofsyllablepenalty=\count331
\gre@saved@prenlba@endafterbarpenalty=\count332
\gre@saved@prenlba@endafterbaraltpenalty=\count333
\gre@saved@prenlba@endofelementpenalty=\count334
\gre@saved@prenlba@hyphenpenalty=\count335
\gre@lasteuouaeindex=\count336

(/usr/local/share/texmf/tex/luatex/gregoriotex/gregoriotex-symbols.tex
Module gregoriotex Info: Registering variant font greextra as gre@font@variant@D
. on input line 53
)
\gre@dimen@stafflinethicknessbase=\dimen267
\gre@dimen@glyphraisebase=\dimen268
\gre@dimen@interstafflinedistancebase=\dimen269
\gre@dimen@inclinatumonlinemoravshiftbase=\dimen270
\gre@dimen@inclinatumonlinemorahshiftbase=\dimen271
\gre@dimen@inclinatumofflinemorahshiftbase=\dimen272

(/usr/local/share/texmf/tex/luatex/gregoriotex/gregoriotex-gsp-default.tex)
(/usr/local/share/texmf/tex/luatex/gregoriotex/gregoriotex-nabc.tex)))
(./DeReceptionemProselyta.aux)
\openout1 = DeReceptionemProselyta.aux

LaTeX Font Info:    Checking defaults for OML/cmm/m/it on input line 110.
LaTeX Font Info:    ... okay on input line 110.
LaTeX Font Info:    Checking defaults for OMS/cmsy/m/n on input line 110.
LaTeX Font Info:    ... okay on input line 110.
LaTeX Font Info:    Checking defaults for OT1/cmr/m/n on input line 110.
LaTeX Font Info:    ... okay on input line 110.
LaTeX Font Info:    Checking defaults for T1/cmr/m/n on input line 110.
LaTeX Font Info:    ... okay on input line 110.
LaTeX Font Info:    Checking defaults for TS1/cmr/m/n on input line 110.
LaTeX Font Info:    Trying to load font information for TS1+cmr on input line 11
0.

(/usr/share/texlive/texmf-dist/tex/latex/base/ts1cmr.fd
File: ts1cmr.fd 2019/12/16 v2.5j Standard LaTeX font definitions
)
LaTeX Font Info:    ... okay on input line 110.
LaTeX Font Info:    Checking defaults for TU/lmr/m/n on input line 110.
LaTeX Font Info:    ... okay on input line 110.
LaTeX Font Info:    Checking defaults for OMX/cmex/m/n on input line 110.
LaTeX Font Info:    ... okay on input line 110.
LaTeX Font Info:    Checking defaults for U/cmr/m/n on input line 110.
LaTeX Font Info:    ... okay on input line 110.
LaTeX Font Info:    Checking defaults for MDA/cmr/m/n on input line 110.
LaTeX Font Info:    Trying to load font information for MDA+cmr on input line 11
0.

(/usr/share/texlive/texmf-dist/tex/latex/mathdesign/mdacmr.fd
File: mdacmr.fd 
)
LaTeX Font Info:    ... okay on input line 110.
LaTeX Font Info:    Checking defaults for MDB/cmr/m/n on input line 110.
LaTeX Font Info:    Trying to load font information for MDB+cmr on input line 11
0.

(/usr/share/texlive/texmf-dist/tex/latex/mathdesign/mdbcmr.fd
File: mdbcmr.fd 
)
LaTeX Font Info:    ... okay on input line 110.

ABD: EverySelectfont initializing macros
LaTeX Info: Redefining \selectfont on input line 110.
\AtBeginShipoutBox=\box73

(/usr/share/texlive/texmf-dist/tex/context/base/mkii/supp-pdf.mkii
[Loading MPS to PDF converter (version 2006.09.02).]
\scratchcounter=\count337
\scratchdimen=\dimen273
\scratchbox=\box74
\nofMPsegments=\count338
\nofMParguments=\count339
\everyMPshowfont=\toks28
\MPscratchCnt=\count340
\MPscratchDim=\dimen274
\MPnumerator=\count341
\makeMPintoPDFobject=\count342
\everyMPtoPDFconversion=\toks29
) (/usr/share/texlive/texmf-dist/tex/latex/epstopdf-pkg/epstopdf-base.sty
Package: epstopdf-base 2020-01-24 v2.11 Base part for package epstopdf
Package epstopdf-base Info: Redefining graphics rule for `.eps' on input line 48
5.

(/usr/share/texlive/texmf-dist/tex/latex/latexconfig/epstopdf-sys.cfg
File: epstopdf-sys.cfg 2010/07/13 v1.3 Configuration of (r)epstopdf for TeX Live

))
*geometry* driver: auto-detecting
*geometry* detected driver: luatex
*geometry* verbose mode - [ preamble ] result:
* driver: luatex
* paper: <default>
* layout: <same size as paper>
* layoutoffset:(h,v)=(0.0pt,0.0pt)
* modes: twoside 
* h-part:(L,W,R)=(72.26999pt, 469.75502pt, 72.26999pt)
* v-part:(T,H,B)=(72.26999pt, 650.43001pt, 72.26999pt)
* \paperwidth=614.295pt
* \paperheight=794.96999pt
* \textwidth=469.75502pt
* \textheight=650.43001pt
* \oddsidemargin=0.0pt
* \evensidemargin=0.0pt
* \topmargin=-37.0pt
* \headheight=12.0pt
* \headsep=25.0pt
* \topskip=11.0pt
* \footskip=30.0pt
* \marginparwidth=113.0pt
* \marginparsep=10.0pt
* \columnsep=10.0pt
* \skip\footins=10.0pt plus 4.0pt minus 2.0pt
* \hoffset=0.0pt
* \voffset=0.0pt
* \mag=1000
* \@twocolumnfalse
* \@twosidetrue
* \@mparswitchtrue
* \@reversemarginfalse
* (1in=72.27pt=25.4mm, 1cm=28.453pt)

LaTeX Font Info:    Font shape `T1/mdbch/b/n' will be
(Font)              scaled to size 10.51207pt on input line 118.
LaTeX Font Info:    Font shape `T1/mdbch/b/n' will be
(Font)              scaled to size 23.88496pt on input line 118.
[1

{/var/lib/texmf/fonts/map/pdftex/updmap/pdftex.map}] [2]
LaTeX Font Info:    Font shape `T1/mdbch/m/n' will be
(Font)              scaled to size 13.82408pt on input line 141.
LaTeX Font Info:    Font shape `T1/mdbch/b/n' will be
(Font)              scaled to size 13.82408pt on input line 141.
 [3]
LaTeX Font Info:    Font shape `T1/mdbch/m/it' will be
(Font)              scaled to size 10.51207pt on input line 163.
Module gregoriotex Info: Looking in  on input line 189
Module gregoriotex Info: Found veni_creator_spiritus.gabc directly on input line
 189
Module gregoriotex Info: Looking in  on input line 189
Module gregoriotex Info: Found veni_creator_spiritus-6_0_0.gtex directly on inpu
t line 189

(./veni_creator_spiritus-6_0_0.gtex
Inserting `gregoriotex.post_linebreak' at position 1 in `post_linebreak_filter'.
Inserting `gregoriotex.disable_hyphenation' at position 1 in `hyphenate'.
LaTeX Font Info:    Font shape `T1/mdbch/m/fsc' will be
(Font)              scaled to size 10.51207pt on input line 12.
LaTeX Font Info:    Font shape `T1/mdbch/b/fsc' will be
(Font)              scaled to size 10.51207pt on input line 12.
LaTeX Font Info:    Font shape `T1/mdbch/b/it' will be
(Font)              scaled to size 10.51207pt on input line 12.
LaTeX Font Info:    Font shape `T1/mdbch/m/n' will be
(Font)              scaled to size 8.64006pt on input line 18.
LaTeX Font Info:    Font shape `T1/mdbch/m/it' will be
(Font)              scaled to size 8.64006pt on input line 18.
LaTeX Font Info:    Font shape `T1/mdbch/m/n' will be
(Font)              scaled to size 38.40027pt on input line 18.
Removing  `gregoriotex.post_linebreak' from `post_linebreak_filter'.
Removing  `gregoriotex.disable_hyphenation' from `hyphenate'.)
LaTeX Font Info:    Font shape `T1/mdbch/m/it' will be
(Font)              scaled to size 9.60007pt on input line 189.

Overfull \hbox (2.82451pt too wide) in paragraph at lines 189--189
[]\T1/mdbch/m/it/10 O com-forter, to Thee we cry, O heav-
 []


Overfull \hbox (13.91621pt too wide) in paragraph at lines 189--189
[]\T1/mdbch/m/it/10 Thou in Thy sev-en-fold gifts are known;
 []


Overfull \hbox (0.87363pt too wide) in paragraph at lines 189--189
\T1/mdbch/m/it/10 Thou, fin-ger of God's hand we own;
 []


Overfull \hbox (0.73535pt too wide) in paragraph at lines 189--189
\T1/mdbch/m/it/10 make our hearts o'er-flow with love;
 []


Overfull \hbox (7.1328pt too wide) in paragraph at lines 189--189
\T1/mdbch/m/it/10 and Thee, through end-less times con-
 []


Overfull \hbox (8.9184pt too wide) in paragraph at lines 189--189
\T1/mdbch/m/it/10 fessed, of both the eter-nal Spirit blest. 
 []


Overfull \hbox (4.17604pt too wide) in paragraph at lines 189--190
[]\T1/mdbch/m/it/10 Now to the Fa-ther and the Son, Who
 []


Overfull \hbox (5.30304pt too wide) in paragraph at lines 189--190
\T1/mdbch/m/it/10 rose from death, be glory given, with
 []


Overfull \hbox (3.64133pt too wide) in paragraph at lines 189--190
\T1/mdbch/m/it/10 Thou, O Holy Com-forter, hence-forth
 []


Underfull \hbox (badness 10000) in paragraph at lines 189--190

 []

[4] [5]
Module gregoriotex Info: Looking in  on input line 333
Module gregoriotex Info: Found psalm_50_1_2.gabc directly on input line 333
Module gregoriotex Info: Looking in  on input line 333
Module gregoriotex Info: Found psalm_50_1_2-6_0_0.gtex directly on input line 33
3
 (./psalm_50_1_2-6_0_0.gtex
Inserting `gregoriotex.post_linebreak' at position 1 in `post_linebreak_filter'.
Inserting `gregoriotex.disable_hyphenation' at position 1 in `hyphenate'.
Removing  `gregoriotex.post_linebreak' from `post_linebreak_filter'.
Removing  `gregoriotex.disable_hyphenation' from `hyphenate'.)
Overfull \hbox (5.47777pt too wide) in paragraph at lines 333--333
\T1/mdbch/m/it/10 have done evil be-fore thee: that thou
 []


Overfull \hbox (14.29062pt too wide) in paragraph at lines 333--333
\T1/mdbch/m/it/10 mayst over-come when thou art judged. 
 []

LaTeX Font Info:    Font shape `T1/mdbch/m/n' will be
(Font)              scaled to size 9.60007pt on input line 333.
[6]
Overfull \hbox (2.59138pt too wide) in paragraph at lines 333--333
[]\T1/mdbch/m/it/10 7. For be-hold thou hast loved truth:
 []


Overfull \hbox (1.39133pt too wide) in paragraph at lines 333--333
[]\T1/mdbch/m/it/10 8. Thou shalt sprin-kle me with hys-
 []


Overfull \hbox (2.65773pt too wide) in paragraph at lines 333--333
[]\T1/mdbch/m/it/10 14. I will teach the un-just thy ways:
 []


Overfull \hbox (0.11754pt too wide) in paragraph at lines 333--333
[]\T1/mdbch/m/it/10 16. O Lord, thou wilt open my lips:
 []


Overfull \hbox (14.57858pt too wide) in paragraph at lines 333--333
\T1/mdbch/m/it/10 and my mouth shall de-clare thy praise. 
 []


Overfull \hbox (2.79358pt too wide) in paragraph at lines 333--333
\T1/mdbch/m/it/10 ri-fice of jus-tice, obla-tions and whole
 []

[7]
Module gregoriotex Info: Looking in  on input line 393
Module gregoriotex Info: Found psalm_129_1_2.gabc directly on input line 393
Module gregoriotex Info: Looking in  on input line 393
Module gregoriotex Info: Found psalm_129_1_2-6_0_0.gtex directly on input line 3
93
 (./psalm_129_1_2-6_0_0.gtex
Inserting `gregoriotex.post_linebreak' at position 1 in `post_linebreak_filter'.
Inserting `gregoriotex.disable_hyphenation' at position 1 in `hyphenate'.
Removing  `gregoriotex.post_linebreak' from `post_linebreak_filter'.
Removing  `gregoriotex.disable_hyphenation' from `hyphenate'.)
Overfull \hbox (1.66966pt too wide) in paragraph at lines 393--393
[]\T1/mdbch/m/it/10 8. And he shall re-deem Is-rael: from
 []

[8]
Overfull \hbox (1.87186pt too wide) in paragraph at lines 445--445
[]\T1/mdbch/m/it/10.95 Our Fa-ther (the rest said in-audi-
 []


Overfull \hbox (3.38557pt too wide) in paragraph at lines 445--445
[][][]\T1/mdbch/m/it/10.95 V. Save Thy ser-vant (hand-maid). 
 []


Overfull \hbox (7.16997pt too wide) in paragraph at lines 445--445
[][][]\T1/mdbch/m/it/10.95 R. And let my cry come unto Thee. 
 []

LaTeX Font Info:    Font shape `T1/mdbch/m/n' will be
(Font)              scaled to size 11.52008pt on input line 451.
LaTeX Font Info:    Font shape `T1/mdbch/b/n' will be
(Font)              scaled to size 11.52008pt on input line 451.

Overfull \hbox (8.51552pt too wide) in paragraph at lines 464--465
\T1/mdbch/m/it/10.95 who liveth and reigneth with Thee
 []

[9]
LaTeX Font Info:    Trying to load font information for OT1+mdbch on input line 
484.
 (/usr/share/texlive/texmf-dist/tex/latex/mathdesign/mdbch/ot1mdbch.fd
File: ot1mdbch.fd 2013/08/29 Fontinst v1.933 font definitions for OT1/mdbch.
)
LaTeX Font Info:    Font shape `OT1/mdbch/m/n' will be
(Font)              scaled to size 10.51207pt on input line 484.
LaTeX Font Info:    Font shape `OT1/mdbch/m/n' will be
(Font)              scaled to size 7.68005pt on input line 484.
LaTeX Font Info:    Font shape `OT1/mdbch/m/n' will be
(Font)              scaled to size 5.76004pt on input line 484.
LaTeX Font Info:    Trying to load font information for OML+mdbch on input line 
484.

(/usr/share/texlive/texmf-dist/tex/latex/mathdesign/mdbch/omlmdbch.fd
File: omlmdbch.fd 2013/08/29 Fontinst v1.933 font definitions for OML/mdbch.
)
LaTeX Font Info:    Font shape `OML/mdbch/m/it' will be
(Font)              scaled to size 10.51207pt on input line 484.
LaTeX Font Info:    Font shape `OML/mdbch/m/it' will be
(Font)              scaled to size 7.68005pt on input line 484.
LaTeX Font Info:    Font shape `OML/mdbch/m/it' will be
(Font)              scaled to size 5.76004pt on input line 484.
LaTeX Font Info:    Trying to load font information for OMS+mdbch on input line 
484.

(/usr/share/texlive/texmf-dist/tex/latex/mathdesign/mdbch/omsmdbch.fd
File: omsmdbch.fd 2013/08/29 Fontinst v1.933 font definitions for OMS/mdbch.
)
LaTeX Font Info:    Font shape `OMS/mdbch/m/n' will be
(Font)              scaled to size 10.51207pt on input line 484.
LaTeX Font Info:    Font shape `OMS/mdbch/m/n' will be
(Font)              scaled to size 7.68005pt on input line 484.
LaTeX Font Info:    Font shape `OMS/mdbch/m/n' will be
(Font)              scaled to size 5.76004pt on input line 484.
LaTeX Font Info:    Trying to load font information for OMX+mdbch on input line 
484.

(/usr/share/texlive/texmf-dist/tex/latex/mathdesign/mdbch/omxmdbch.fd
File: omxmdbch.fd 2013/08/29 Fontinst v1.933 font definitions for OMX/mdbch.
)
LaTeX Font Info:    Font shape `OMX/mdbch/m/n' will be
(Font)              scaled to size 10.51207pt on input line 484.
LaTeX Font Info:    Font shape `OMX/mdbch/m/n' will be
(Font)              scaled to size 7.68005pt on input line 484.
LaTeX Font Info:    Font shape `OMX/mdbch/m/n' will be
(Font)              scaled to size 5.76004pt on input line 484.
LaTeX Font Info:    Font shape `OML/mdbch/m/n' will be
(Font)              scaled to size 10.51207pt on input line 484.
LaTeX Font Info:    Font shape `OML/mdbch/m/n' will be
(Font)              scaled to size 7.68005pt on input line 484.
LaTeX Font Info:    Font shape `OML/mdbch/m/n' will be
(Font)              scaled to size 5.76004pt on input line 484.
LaTeX Font Info:    Trying to load font information for MDA+mdbch on input line 
484.

(/usr/share/texlive/texmf-dist/tex/latex/mathdesign/mdbch/mdamdbch.fd
File: mdamdbch.fd 2013/08/29 Fontinst v1.933 font definitions for MDA/mdbch.
)
LaTeX Font Info:    Font shape `MDA/mdbch/m/n' will be
(Font)              scaled to size 10.51207pt on input line 484.
LaTeX Font Info:    Font shape `MDA/mdbch/m/n' will be
(Font)              scaled to size 7.68005pt on input line 484.
LaTeX Font Info:    Font shape `MDA/mdbch/m/n' will be
(Font)              scaled to size 5.76004pt on input line 484.
LaTeX Font Info:    Trying to load font information for MDB+mdbch on input line 
484.

(/usr/share/texlive/texmf-dist/tex/latex/mathdesign/mdbch/mdbmdbch.fd
File: mdbmdbch.fd 2013/08/29 Fontinst v1.933 font definitions for MDB/mdbch.
)
LaTeX Font Info:    Font shape `MDB/mdbch/m/n' will be
(Font)              scaled to size 10.51207pt on input line 484.
LaTeX Font Info:    Font shape `MDB/mdbch/m/n' will be
(Font)              scaled to size 7.68005pt on input line 484.
LaTeX Font Info:    Font shape `MDB/mdbch/m/n' will be
(Font)              scaled to size 5.76004pt on input line 484.

Overfull \hbox (3.91725pt too wide) in paragraph at lines 484--484
\T1/mdbch/m/it/10.95 haps) in-curred; and I re-store you
 []


Overfull \hbox (3.40036pt too wide) in paragraph at lines 484--484
\T1/mdbch/m/it/10.95 the faith-ful, as well as to the holy
 []


Overfull \hbox (1.86841pt too wide) in paragraph at lines 484--484
\T1/mdbch/m/it/10.95 sacra-ments of the Church; in the
 []

Module gregoriotex Info: Looking in  on input line 511
Module gregoriotex Info: Found alma_redemptoris_simple.gabc directly on input li
ne 511
Module gregoriotex Info: Looking in  on input line 511
Module gregoriotex Info: Found alma_redemptoris_simple-6_0_0.gtex directly on in
put line 511
(./alma_redemptoris_simple-6_0_0.gtex
Inserting `gregoriotex.post_linebreak' at position 1 in `post_linebreak_filter'.
Inserting `gregoriotex.disable_hyphenation' at position 1 in `hyphenate'.
Removing  `gregoriotex.post_linebreak' from `post_linebreak_filter'.
Removing  `gregoriotex.disable_hyphenation' from `hyphenate'.)
Overfull \hbox (7.8682pt too wide) in paragraph at lines 511--512
\T1/mdbch/m/it/10 ten to aid thy fallen peo-ple who strive
 []


Overfull \hbox (7.45859pt too wide) in paragraph at lines 511--512
\T1/mdbch/m/it/10 to rise once more. Thou who brought
 []


Overfull \hbox (0.3417pt too wide) in paragraph at lines 511--512
\T1/mdbch/m/it/10 joy-ful "Hail!": be mer-ci-ful to us sin-
 []

[10]
Module gregoriotex Info: Looking in  on input line 530
Module gregoriotex Info: Found alma_redemptoris_solemn.gabc directly on input li
ne 530
Module gregoriotex Info: Looking in  on input line 530
Module gregoriotex Info: Found alma_redemptoris_solemn-6_0_0.gtex directly on in
put line 530
 (./alma_redemptoris_solemn-6_0_0.gtex
Inserting `gregoriotex.post_linebreak' at position 1 in `post_linebreak_filter'.
Inserting `gregoriotex.disable_hyphenation' at position 1 in `hyphenate'.
Overfull \hbox (8.17033pt too wide) detected at line 499
|
 []

Removing  `gregoriotex.post_linebreak' from `post_linebreak_filter'.
Removing  `gregoriotex.disable_hyphenation' from `hyphenate'.)
Overfull \hbox (7.8682pt too wide) in paragraph at lines 530--531
\T1/mdbch/m/it/10 ten to aid thy fallen peo-ple who strive
 []


Overfull \hbox (7.45859pt too wide) in paragraph at lines 530--531
\T1/mdbch/m/it/10 to rise once more. Thou who brought
 []


Overfull \hbox (0.3417pt too wide) in paragraph at lines 530--531
\T1/mdbch/m/it/10 joy-ful "Hail!": be mer-ci-ful to us sin-
 []

Module gregoriotex Info: Looking in  on input line 557
Module gregoriotex Info: Found ave_regina_caelorum_simple.gabc directly on input
 line 557
Module gregoriotex Info: Looking in  on input line 557
Module gregoriotex Info: Found ave_regina_caelorum_simple-6_0_0.gtex directly on
 input line 557
(./ave_regina_caelorum_simple-6_0_0.gtex
Inserting `gregoriotex.post_linebreak' at position 1 in `post_linebreak_filter'.
Inserting `gregoriotex.disable_hyphenation' at position 1 in `hyphenate'.
Removing  `gregoriotex.post_linebreak' from `post_linebreak_filter'.
Removing  `gregoriotex.disable_hyphenation' from `hyphenate'.)
Overfull \hbox (0.54947pt too wide) in paragraph at lines 557--557
\T1/mdbch/m/it/10 Wel-come, O Queen of Heaven. Wel-
 []

[11
Missing character: There is no ǽ (U+01FD) in font mdbchr8t!
]
Module gregoriotex Info: Looking in  on input line 580
Module gregoriotex Info: Found ave_regina_caelorum_solemn.gabc directly on input
 line 580
Module gregoriotex Info: Looking in  on input line 580
Module gregoriotex Info: Found ave_regina_caelorum_solemn-6_0_0.gtex directly on
 input line 580
 (./ave_regina_caelorum_solemn-6_0_0.gtex
Inserting `gregoriotex.post_linebreak' at position 1 in `post_linebreak_filter'.
Inserting `gregoriotex.disable_hyphenation' at position 1 in `hyphenate'.
Removing  `gregoriotex.post_linebreak' from `post_linebreak_filter'.
Removing  `gregoriotex.disable_hyphenation' from `hyphenate'.)
Overfull \hbox (0.54947pt too wide) in paragraph at lines 580--580
[]\T1/mdbch/m/it/10 Wel-come, O Queen of Heaven. Wel-
 []

Module gregoriotex Info: Looking in  on input line 604
Module gregoriotex Info: Found regina_caeli_simple.gabc directly on input line 6
04
Module gregoriotex Info: Looking in  on input line 604
Module gregoriotex Info: Found regina_caeli_simple-6_0_0.gtex directly on input 
line 604
(./regina_caeli_simple-6_0_0.gtex
Inserting `gregoriotex.post_linebreak' at position 1 in `post_linebreak_filter'.
Inserting `gregoriotex.disable_hyphenation' at position 1 in `hyphenate'.
Removing  `gregoriotex.post_linebreak' from `post_linebreak_filter'.
Removing  `gregoriotex.disable_hyphenation' from `hyphenate'.)
Overfull \hbox (6.81532pt too wide) in paragraph at lines 604--605
\T1/mdbch/m/it/10 al-leluia. For the Lord has truly risen,
 []

Module gregoriotex Info: Looking in  on input line 622
Module gregoriotex Info: Found regina_caeli_solemn.gabc directly on input line 6
22
Module gregoriotex Info: Looking in  on input line 622
Module gregoriotex Info: Found regina_caeli_solemn-6_0_0.gtex directly on input 
line 622
(./regina_caeli_solemn-6_0_0.gtex
Inserting `gregoriotex.post_linebreak' at position 1 in `post_linebreak_filter'.
Inserting `gregoriotex.disable_hyphenation' at position 1 in `hyphenate'.
Removing  `gregoriotex.post_linebreak' from `post_linebreak_filter'.
Removing  `gregoriotex.disable_hyphenation' from `hyphenate'.)
Overfull \hbox (6.81532pt too wide) in paragraph at lines 622--623
\T1/mdbch/m/it/10 al-leluia. For the Lord has truly risen,
 []

[12]
Module gregoriotex Info: Looking in  on input line 641
Module gregoriotex Info: Found salve_regina_simple.gabc directly on input line 6
41
Module gregoriotex Info: Looking in  on input line 641
Module gregoriotex Info: Found salve_regina_simple-6_0_0.gtex directly on input 
line 641
 (./salve_regina_simple-6_0_0.gtex
Inserting `gregoriotex.post_linebreak' at position 1 in `post_linebreak_filter'.
Inserting `gregoriotex.disable_hyphenation' at position 1 in `hyphenate'.
Removing  `gregoriotex.post_linebreak' from `post_linebreak_filter'.
Removing  `gregoriotex.disable_hyphenation' from `hyphenate'.)
Overfull \hbox (5.2512pt too wide) in paragraph at lines 641--642
\T1/mdbch/m/it/10 our life, our sweet-ness and our hope.
 []


Overfull \hbox (1.9046pt too wide) in paragraph at lines 641--642
\T1/mdbch/m/it/10 then, most gra-cious ad-vo-cate, thine
 []

[13]
Module gregoriotex Info: Looking in  on input line 656
Module gregoriotex Info: Found salve_regina_solemn.gabc directly on input line 6
56
Module gregoriotex Info: Looking in  on input line 656
Module gregoriotex Info: Found salve_regina_solemn-6_0_0.gtex directly on input 
line 656
 (./salve_regina_solemn-6_0_0.gtex
Inserting `gregoriotex.post_linebreak' at position 1 in `post_linebreak_filter'.
Inserting `gregoriotex.disable_hyphenation' at position 1 in `hyphenate'.
Overfull \hbox (8.45567pt too wide) detected at line 497
|
 []


Overfull \hbox (8.45567pt too wide) detected at line 523
|
 []


Overfull \hbox (8.45567pt too wide) detected at line 899
|
 []

Removing  `gregoriotex.post_linebreak' from `post_linebreak_filter'.
Removing  `gregoriotex.disable_hyphenation' from `hyphenate'.)
Overfull \hbox (5.2512pt too wide) in paragraph at lines 656--657
\T1/mdbch/m/it/10 our life, our sweet-ness and our hope.
 []


Overfull \hbox (1.9046pt too wide) in paragraph at lines 656--657
\T1/mdbch/m/it/10 then, most gra-cious ad-vo-cate, thine
 []

[14] (./DeReceptionemProselyta.aux)

LaTeX Font Warning: Some font shapes were not available, defaults substituted.

)

Here is how much of LuaTeX's memory you used:
 27971 strings out of 481365
 244161,794899 words of node,token memory allocated
 3412 words of node memory still in use:
   4 hlist, 1 vlist, 1 rule, 84 glue, 63 kern, 3 glyph, 650 attribute, 167 glue_
spec, 113 attribute_list, 1 write, 1 user_defined nodes
   avail lists: 1:9,2:28161,3:4394,4:52,5:6364,6:423,7:7074,8:2,9:7947,10:50,11:
304
 44396 multiletter control sequences out of 65536+600000
 124 fonts using 12333691 bytes
 43i,5n,82p,1210b,6266s stack positions out of 5000i,500n,10000p,200000b,100000s
</usr/local/share/texmf/fonts/truetype/public/gregoriotex/greextra.ttf></usr/loc
al/share/texmf/fonts/truetype/public/gregoriotex/greciliae.ttf>{/usr/share/texli
ve/texmf-dist/fonts/enc/dvips/ly1/texnansi.enc}</usr/share/texlive/texmf-dist/fo
nts/type1/bitstrea/charter/bchb8a.pfb></usr/share/texlive/texmf-dist/fonts/type1
/bitstrea/charter/bchr8a.pfb></usr/share/texlive/texmf-dist/fonts/type1/bitstrea
/charter/bchri8a.pfb></usr/share/texlive/texmf-dist/fonts/type1/public/mathdesig
n/mdbch/md-chrma.pfb>
Output written on DeReceptionemProselyta.pdf (14 pages, 112167 bytes).

PDF statistics: 80 PDF objects out of 1000 (max. 8388607)
 53 compressed objects within 1 object stream
 0 named destinations out of 1000 (max. 131072)
 1 words of extra memory for PDF output out of 10000 (max. 100000000)

